# Overhead  Command          Shared Object      Symbol
# ........  ...............  .................  ...................................
#
    31.94%  memory-latency2  memory-latency2    [.] main
    13.19%  memory-latency2  [kernel.kallsyms]  [k] __pi_clear_page
     7.22%  memory-latency2  [kernel.kallsyms]  [k] el0_da
     6.12%  memory-latency2  [kernel.kallsyms]  [k] mem_cgroup_commit_charge
     4.44%  memory-latency2  [kernel.kallsyms]  [k] _raw_spin_unlock_irqrestore
     4.23%  memory-latency2  [kernel.kallsyms]  [k] post_alloc_hook
     3.19%  memory-latency2  [kernel.kallsyms]  [k] arch_local_irq_restore
     3.19%  memory-latency2  [kernel.kallsyms]  [k] percpu_counter_add_batch
     2.92%  memory-latency2  [kernel.kallsyms]  [k] arch_local_irq_restore
     1.59%  memory-latency2  [kernel.kallsyms]  [k] get_page_from_freelist
     1.46%  memory-latency2  [kernel.kallsyms]  [k] __mod_memcg_lruvec_state
     1.43%  memory-latency2  [kernel.kallsyms]  [k] handle_mm_fault
     1.19%  memory-latency2  [kernel.kallsyms]  [k] __handle_mm_fault
     1.18%  memory-latency2  [kernel.kallsyms]  [k] zap_pte_range
     1.16%  memory-latency2  [kernel.kallsyms]  [k] _raw_spin_lock
     1.15%  memory-latency2  [kernel.kallsyms]  [k] _raw_spin_unlock
 
Performance counter stats for './memory-latency2' (10 runs):

             88.79 msec task-clock                       #    0.977 CPUs utilized               ( +-  0.82% )
                 8      context-switches                 #   90.096 /sec                        ( +-  5.95% )
                 0      cpu-migrations                   #    0.000 /sec
              7862      page-faults                      #   88.542 K/sec                       ( +-  0.00% )
         156252355      cycles                           #    1.760 GHz                         ( +-  0.30% )
         129840847      instructions                     #    0.83  insn per cycle              ( +-  0.37% )
   <not supported>      branches
            114191      branch-misses                                                           ( +-  0.82% )

          0.090845 +- 0.000742 seconds time elapsed  ( +-  0.82% )
